<?xml version="1.0" encoding="UTF-8" ?>
<testsuites errors="0"
            failures="1"
            tests="1">

  <testsuite name="07Happy Path Aster Elevation"
    errors="0" failures="1" hostname="" id="" package="07Happy Path Aster Elevation" skipped="0"
    tests="1" time="24.05" timestamp="Mon, 26 Feb 2018 19:41:23 GMT">
  
    <testcase name="HappyPath Aster Elevation" classname="07Happy Path Aster Elevation" time="24.05" assertions="2">

      <failure message="Failed [ok]: (FAILED: 'Click element' - Couldn't find element to click. (Click '.qa-Application-Link-create' using 'CSS'))">    at browser._elementPresent (/Users/Peizer/Documents/EventKitTest/common/snaptest-nw-driver.js:200:22)
    at Object.&lt;anonymous&gt; (/Users/Peizer/Documents/EventKitTest/common/snaptest-nw-driver.js:383:11)</failure>

    
    </testcase>
  

  

  
  </testsuite>
</testsuites>
