<?xml version="1.0" encoding="UTF-8" ?>
<testsuites errors="0"
            failures="1"
            tests="1">

  <testsuite name="11CreateGroupAddRemoveUser"
    errors="0" failures="1" hostname="" id="" package="11CreateGroupAddRemoveUser" skipped="0"
    tests="1" time="22.94" timestamp="Tue, 17 Jul 2018 14:52:53 GMT">
  
    <testcase name="Create Group Add Remove User" classname="11CreateGroupAddRemoveUser" time="22.94" assertions="12">

    

    

    

    

    

    

    

    

    

    

      <failure message="Failed [ok]: (FAILED: 'click group name input' - Couldn't find element to click. (Click '.qa-CreateGroupDialog-textField &gt; input' using 'CSS'))">    at browser._elementPresent (/Users/Peizer/Documents/EventKitTest/common/snaptest-nw-driver.js:199:24)
    at Object.&lt;anonymous&gt; (/Users/Peizer/Documents/EventKitTest/common/snaptest-nw-driver.js:382:13)</failure>

    
    </testcase>
  

  

  
  </testsuite>
</testsuites>
