<?xml version="1.0" encoding="UTF-8" ?>
<testsuites errors="0"
            failures="1"
            tests="1">

  <testsuite name="09Logout and Session Clear"
    errors="0" failures="1" hostname="" id="" package="09Logout and Session Clear" skipped="0"
    tests="1" time="15.57" timestamp="Wed, 25 Apr 2018 21:37:04 GMT">
  
    <testcase name="Logout and Session Clear" classname="09Logout and Session Clear" time="15.57" assertions="2">

      <failure message="Failed [ok]: (FAILED: 'Click element' - Couldn't find element to click. (Click 'div &gt; div &gt; div &gt; div &gt; div:nth-of-type(2) &gt; button &gt; div &gt; div &gt; span' using 'CSS'))">    at browser._elementPresent (/Users/Peizer/Documents/EventKitTest/common/snaptest-nw-driver.js:199:22)
    at Object.&lt;anonymous&gt; (/Users/Peizer/Documents/EventKitTest/common/snaptest-nw-driver.js:382:11)</failure>

    
    </testcase>
  

  

  
  </testsuite>
</testsuites>
