<?xml version="1.0" encoding="UTF-8" ?>
<testsuites errors="0"
            failures="1"
            tests="1">

  <testsuite name="07Clone Job Delete One"
    errors="0" failures="1" hostname="" id="" package="07Clone Job Delete One" skipped="0"
    tests="1" time="166.3" timestamp="Mon, 25 Jun 2018 20:33:38 GMT">
  
    <testcase name="Create Two Jobs Delete One.js" classname="07Clone Job Delete One" time="166.3" assertions="7">

    

    

    

    

    

      <failure message="Failed [ok]: (FAILED: 'Confirm Export Name' - Couldn't find element. (Assert text matches 'DigitalGlobe Imagery (Foundation GEOINT) Happy Path ' at '.qa-ExportSummary-tr-name &gt; td:nth-of-type(2)' using 'CSS'))">    at browser._elementPresent (/Users/Peizer/Documents/EventKitTest/common/snaptest-nw-driver.js:508:24)
    at Object.&lt;anonymous&gt; (/Users/Peizer/Documents/EventKitTest/common/snaptest-nw-driver.js:382:13)</failure>

    
    </testcase>
  

  

  
  </testsuite>
</testsuites>
