<?xml version="1.0" encoding="UTF-8" ?>
<testsuites errors="0"
            failures="1"
            tests="1">

  <testsuite name="10ShareWithAnotherUser"
    errors="0" failures="1" hostname="" id="" package="10ShareWithAnotherUser" skipped="0"
    tests="1" time="215.7" timestamp="Tue, 17 Jul 2018 14:49:17 GMT">
  
    <testcase name="Share With Another User" classname="10ShareWithAnotherUser" time="215.7" assertions="28">

    

    

    

    

    

    

    

    

    

    

    

    

    

    

    

    

    

    

    

    

    

    

    

    

    

    

      <failure message="Failed [ok]: (FAILED: 'Click Search Bar' - Couldn't find element to click. (Click '.qa-DataPackSearchBar-TextField &gt; input' using 'CSS'))">    at browser._elementPresent (/Users/Peizer/Documents/EventKitTest/common/snaptest-nw-driver.js:199:24)
    at Object.&lt;anonymous&gt; (/Users/Peizer/Documents/EventKitTest/common/snaptest-nw-driver.js:382:13)</failure>

    
    </testcase>
  

  

  
  </testsuite>
</testsuites>
